2024-11-07 11:00:14,401 - INFO - Anonymized telemetry enabled. See                     https://docs.trychroma.com/telemetry for more information.
2024-11-07 11:00:14,814 - ERROR - Error creating database 'rag': Could not import sentence_transformers python package. Please install it with `pip install sentence-transformers`.
2024-11-07 11:00:14,815 - ERROR - Error initializing databases: 500: Could not import sentence_transformers python package. Please install it with `pip install sentence-transformers`.
2024-11-07 11:02:43,713 - ERROR - Error performing similarity search on collection 'rag': Could not import sentence_transformers python package. Please install it with `pip install sentence-transformers`.
2024-11-07 11:03:24,230 - INFO - Use pytorch device_name: cpu
2024-11-07 11:03:24,231 - INFO - Load pretrained SentenceTransformer: all-MiniLM-L6-v2
2024-11-07 11:03:25,506 - INFO - Similarity search performed on collection 'rag' with query: भाई, ड्राइविंग लाइसेंस कैसे बनवाए?
2024-11-07 11:03:48,788 - INFO - Use pytorch device_name: cpu
2024-11-07 11:03:48,788 - INFO - Load pretrained SentenceTransformer: all-MiniLM-L6-v2
2024-11-07 11:03:49,046 - INFO - Similarity search performed on collection 'rag' with query: भाई, ड्राइविंग लाइसेंस कैसे बनवाए?
2024-11-07 17:47:41,364 - ERROR - Form data requires "python-multipart" to be installed. 
You can install "python-multipart" with: 

pip install python-multipart

2024-11-07 17:48:06,242 - INFO - Deleted './chroma' directory.
2024-11-07 17:48:06,248 - INFO - Anonymized telemetry enabled. See                     https://docs.trychroma.com/telemetry for more information.
2024-11-07 17:48:06,520 - ERROR - Error creating database 'rag': Could not import sentence_transformers python package. Please install it with `pip install sentence-transformers`.
2024-11-07 17:48:06,521 - ERROR - Error initializing databases: 500: Could not import sentence_transformers python package. Please install it with `pip install sentence-transformers`.
2024-11-07 17:54:28,331 - ERROR - Error performing similarity search on collection 'rag': Could not import sentence_transformers python package. Please install it with `pip install sentence-transformers`.
2024-11-07 18:02:03,163 - INFO - Use pytorch device_name: cpu
2024-11-07 18:02:03,163 - INFO - Load pretrained SentenceTransformer: all-MiniLM-L6-v2
2024-11-07 18:02:13,436 - INFO - Similarity search performed on collection 'rag' with query: Hello, how can you help me today?
2024-11-07 18:02:23,768 - INFO - Use pytorch device_name: cpu
2024-11-07 18:02:23,768 - INFO - Load pretrained SentenceTransformer: all-MiniLM-L6-v2
2024-11-07 18:02:25,935 - INFO - Similarity search performed on collection 'rag' with query: Hello, how can you help me today?
2024-11-07 18:02:42,242 - INFO - Use pytorch device_name: cpu
2024-11-07 18:02:42,242 - INFO - Load pretrained SentenceTransformer: all-MiniLM-L6-v2
2024-11-07 18:02:44,537 - INFO - Similarity search performed on collection 'rag' with query: Hello, how can you help me today?
2024-11-07 18:08:31,261 - INFO - Use pytorch device_name: cpu
2024-11-07 18:08:31,261 - INFO - Load pretrained SentenceTransformer: all-MiniLM-L6-v2
2024-11-07 18:08:33,963 - INFO - Similarity search performed on collection 'rag' with query: Hello, how can you help me today?
2024-11-07 15:53:09,875 - INFO - Deleted './chroma' directory.
2024-11-07 15:53:09,884 - INFO - Anonymized telemetry enabled. See                     https://docs.trychroma.com/telemetry for more information.
2024-11-07 15:53:10,308 - ERROR - Error creating database 'rag': Could not import sentence_transformers python package. Please install it with `pip install sentence-transformers`.
2024-11-07 15:53:10,309 - ERROR - Error initializing databases: 500: Could not import sentence_transformers python package. Please install it with `pip install sentence-transformers`.
2024-11-07 15:53:18,623 - ERROR - Error performing similarity search on collection 'rag': Could not import sentence_transformers python package. Please install it with `pip install sentence-transformers`.
2024-11-07 15:53:57,520 - INFO - Use pytorch device_name: cpu
2024-11-07 15:53:57,520 - INFO - Load pretrained SentenceTransformer: all-MiniLM-L6-v2
2024-11-07 15:53:59,316 - INFO - Similarity search performed on collection 'rag' with query: What is the capital of France?
2024-11-07 15:54:31,682 - INFO - Use pytorch device_name: cpu
2024-11-07 15:54:31,682 - INFO - Load pretrained SentenceTransformer: all-MiniLM-L6-v2
2024-11-07 15:54:32,024 - INFO - Similarity search performed on collection 'rag' with query: What is the capital of France?
2024-11-07 16:19:46,314 - INFO - Use pytorch device_name: cpu
2024-11-07 16:19:46,314 - INFO - Load pretrained SentenceTransformer: all-MiniLM-L6-v2
2024-11-07 16:19:46,789 - INFO - Similarity search performed on collection 'rag' with query: Hello, how can you help me today?
2024-11-07 16:28:18,643 - INFO - Use pytorch device_name: cpu
2024-11-07 16:28:18,644 - INFO - Load pretrained SentenceTransformer: all-MiniLM-L6-v2
2024-11-07 16:28:18,953 - INFO - Similarity search performed on collection 'rag' with query: Hello, how can you help me today?
2024-11-07 16:30:30,671 - INFO - Use pytorch device_name: cpu
2024-11-07 16:30:30,672 - INFO - Load pretrained SentenceTransformer: all-MiniLM-L6-v2
2024-11-07 16:30:30,929 - INFO - Similarity search performed on collection 'rag' with query: Hello, how can you help me today?
2024-11-07 16:30:54,677 - INFO - Use pytorch device_name: cpu
2024-11-07 16:30:54,678 - INFO - Load pretrained SentenceTransformer: all-MiniLM-L6-v2
2024-11-07 16:30:54,904 - INFO - Similarity search performed on collection 'rag' with query: Hello, how can you help me today?
2024-11-07 16:31:08,696 - INFO - Use pytorch device_name: cpu
2024-11-07 16:31:08,697 - INFO - Load pretrained SentenceTransformer: all-MiniLM-L6-v2
2024-11-07 16:31:08,931 - INFO - Similarity search performed on collection 'rag' with query: Hello, how can you help me today?
2024-11-07 16:33:07,337 - INFO - Use pytorch device_name: cpu
2024-11-07 16:33:07,338 - INFO - Load pretrained SentenceTransformer: all-MiniLM-L6-v2
2024-11-07 16:33:07,600 - INFO - Similarity search performed on collection 'rag' with query: Hello, how can you help me today?
2024-11-07 16:45:59,000 - INFO - Deleted './chroma' directory.
2024-11-07 16:45:59,016 - INFO - Anonymized telemetry enabled. See                     https://docs.trychroma.com/telemetry for more information.
2024-11-07 16:46:10,735 - INFO - Use pytorch device_name: cpu
2024-11-07 16:46:10,736 - INFO - Load pretrained SentenceTransformer: all-MiniLM-L6-v2
2024-11-07 16:46:11,423 - ERROR - Error creating database 'rag': Error loading rto_dataset.txt
2024-11-07 16:46:11,423 - ERROR - Error initializing databases: 500: Error loading rto_dataset.txt
2024-11-07 16:48:25,174 - INFO - Deleted './chroma' directory.
2024-11-07 16:48:25,181 - INFO - Anonymized telemetry enabled. See                     https://docs.trychroma.com/telemetry for more information.
2024-11-07 16:48:27,874 - INFO - Use pytorch device_name: cpu
2024-11-07 16:48:27,875 - INFO - Load pretrained SentenceTransformer: all-MiniLM-L6-v2
2024-11-07 16:48:28,444 - INFO - Collection 'rag' created successfully.
2024-11-07 16:48:28,501 - INFO - HTTP Request: GET https://chroma-onnx-models.s3.amazonaws.com/all-MiniLM-L6-v2/onnx.tar.gz "HTTP/1.1 200 OK"
2024-11-07 16:48:31,073 - INFO - Database 'rag' created with 19 documents.
2024-11-07 16:48:31,074 - INFO - Database 'rag' created successfully.
2024-11-07 16:48:31,074 - INFO - Databases initialized successfully.
2024-11-07 16:48:55,365 - INFO - Use pytorch device_name: cpu
2024-11-07 16:48:55,366 - INFO - Load pretrained SentenceTransformer: all-MiniLM-L6-v2
2024-11-07 16:48:55,748 - INFO - Similarity search performed on collection 'rag' with query: Hello, how can you help me today?
2024-11-07 16:52:06,246 - INFO - Use pytorch device_name: cpu
2024-11-07 16:52:06,246 - INFO - Load pretrained SentenceTransformer: all-MiniLM-L6-v2
2024-11-07 16:52:06,475 - INFO - Similarity search performed on collection 'rag' with query: Hello, how can you help me today?
2024-11-07 16:57:00,746 - INFO - Use pytorch device_name: cpu
2024-11-07 16:57:00,746 - INFO - Load pretrained SentenceTransformer: all-MiniLM-L6-v2
2024-11-07 16:57:00,996 - INFO - Similarity search performed on collection 'rag' with query: Hello, aur kaise ho
2024-11-07 16:59:21,759 - INFO - Use pytorch device_name: cpu
2024-11-07 16:59:21,760 - INFO - Load pretrained SentenceTransformer: all-MiniLM-L6-v2
2024-11-07 16:59:22,122 - INFO - Similarity search performed on collection 'rag' with query: Hello, aur kaise ho
2024-11-07 16:59:31,926 - INFO - Use pytorch device_name: cpu
2024-11-07 16:59:31,927 - INFO - Load pretrained SentenceTransformer: all-MiniLM-L6-v2
2024-11-07 16:59:32,577 - INFO - Similarity search performed on collection 'rag' with query: Hello, aur kaise ho
2024-11-07 17:01:50,894 - INFO - Use pytorch device_name: cpu
2024-11-07 17:01:50,895 - INFO - Load pretrained SentenceTransformer: all-MiniLM-L6-v2
2024-11-07 17:01:51,790 - INFO - Similarity search performed on collection 'rag' with query: Hello
2024-11-08 10:29:39,391 - INFO - Deleted './chroma' directory.
2024-11-08 10:29:39,398 - INFO - Anonymized telemetry enabled. See                     https://docs.trychroma.com/telemetry for more information.
2024-11-08 10:29:39,839 - ERROR - Error creating database 'rag': Could not import sentence_transformers python package. Please install it with `pip install sentence-transformers`.
2024-11-08 10:29:39,839 - ERROR - Error initializing databases: 500: Could not import sentence_transformers python package. Please install it with `pip install sentence-transformers`.
2024-11-08 10:32:03,817 - ERROR - Error performing similarity search on collection 'rag': Could not import sentence_transformers python package. Please install it with `pip install sentence-transformers`.
2024-11-08 10:32:51,793 - INFO - Deleted './chroma' directory.
2024-11-08 10:32:51,803 - INFO - Anonymized telemetry enabled. See                     https://docs.trychroma.com/telemetry for more information.
2024-11-08 10:32:55,742 - INFO - Use pytorch device_name: cpu
2024-11-08 10:32:55,742 - INFO - Load pretrained SentenceTransformer: all-MiniLM-L6-v2
2024-11-08 10:32:57,027 - INFO - Collection 'rag' created successfully.
2024-11-08 10:32:57,069 - INFO - HTTP Request: GET https://chroma-onnx-models.s3.amazonaws.com/all-MiniLM-L6-v2/onnx.tar.gz "HTTP/1.1 200 OK"
2024-11-08 10:32:59,552 - INFO - Database 'rag' created with 19 documents.
2024-11-08 10:32:59,553 - INFO - Database 'rag' created successfully.
2024-11-08 10:32:59,553 - INFO - Databases initialized successfully.
2024-11-08 10:33:32,543 - INFO - Use pytorch device_name: cpu
2024-11-08 10:33:32,544 - INFO - Load pretrained SentenceTransformer: all-MiniLM-L6-v2
2024-11-08 10:33:33,070 - INFO - Similarity search performed on collection 'rag' with query: What is the capital of France?
2024-11-12 17:49:25,370 - INFO - Deleted './chroma' directory.
2024-11-12 17:49:25,387 - INFO - Anonymized telemetry enabled. See                     https://docs.trychroma.com/telemetry for more information.
2024-11-12 17:49:29,421 - INFO - Use pytorch device_name: cpu
2024-11-12 17:49:29,421 - INFO - Load pretrained SentenceTransformer: all-MiniLM-L6-v2
2024-11-12 17:49:39,444 - INFO - Collection 'rag' created successfully.
2024-11-12 17:49:40,207 - INFO - HTTP Request: GET https://chroma-onnx-models.s3.amazonaws.com/all-MiniLM-L6-v2/onnx.tar.gz "HTTP/1.1 200 OK"
2024-11-12 17:50:08,698 - INFO - Database 'rag' created with 19 documents.
2024-11-12 17:50:08,699 - INFO - Database 'rag' created successfully.
2024-11-12 17:50:08,699 - INFO - Databases initialized successfully.
2024-11-12 17:51:15,094 - INFO - Deleted './chroma' directory.
2024-11-12 17:51:15,099 - INFO - Anonymized telemetry enabled. See                     https://docs.trychroma.com/telemetry for more information.
2024-11-12 17:51:17,649 - INFO - Use pytorch device_name: cpu
2024-11-12 17:51:17,649 - INFO - Load pretrained SentenceTransformer: all-MiniLM-L6-v2
2024-11-12 17:51:21,403 - INFO - Collection 'rag' created successfully.
2024-11-12 17:51:22,103 - INFO - Database 'rag' created with 19 documents.
2024-11-12 17:51:22,103 - INFO - Database 'rag' created successfully.
2024-11-12 17:51:22,103 - INFO - Databases initialized successfully.
2024-11-12 17:56:54,834 - INFO - Use pytorch device_name: cpu
2024-11-12 17:56:54,834 - INFO - Load pretrained SentenceTransformer: all-MiniLM-L6-v2
2024-11-12 17:56:58,248 - INFO - Similarity search performed on collection 'rag' with query: hello
2024-11-12 18:06:53,773 - INFO - Deleted './chroma' directory.
2024-11-12 18:06:53,778 - INFO - Anonymized telemetry enabled. See                     https://docs.trychroma.com/telemetry for more information.
2024-11-12 18:06:56,072 - INFO - Use pytorch device_name: cpu
2024-11-12 18:06:56,072 - INFO - Load pretrained SentenceTransformer: all-MiniLM-L6-v2
2024-11-12 18:06:59,570 - INFO - Collection 'rag' created successfully.
2024-11-12 18:07:00,352 - INFO - Database 'rag' created with 19 documents.
2024-11-12 18:07:00,352 - INFO - Database 'rag' created successfully.
2024-11-12 18:07:00,352 - INFO - Databases initialized successfully.
2024-11-12 18:10:11,227 - INFO - Deleted './chroma' directory.
2024-11-12 18:10:11,231 - INFO - Anonymized telemetry enabled. See                     https://docs.trychroma.com/telemetry for more information.
2024-11-12 18:10:13,669 - INFO - Use pytorch device_name: cpu
2024-11-12 18:10:13,669 - INFO - Load pretrained SentenceTransformer: all-MiniLM-L6-v2
2024-11-12 18:10:16,762 - INFO - Collection 'rag' created successfully.
2024-11-12 18:10:17,401 - INFO - Database 'rag' created with 19 documents.
2024-11-12 18:10:17,401 - INFO - Database 'rag' created successfully.
2024-11-12 18:10:17,401 - INFO - Databases initialized successfully.
2024-11-13 12:44:40,033 - INFO - Use pytorch device_name: cpu
2024-11-13 12:44:40,033 - INFO - Load pretrained SentenceTransformer: all-MiniLM-L6-v2
2024-11-13 12:44:44,296 - INFO - Similarity search performed on collection 'rag' with query: hello
2024-11-13 12:44:44,786 - INFO - Use pytorch device_name: cpu
2024-11-13 12:44:44,786 - INFO - Load pretrained SentenceTransformer: all-MiniLM-L6-v2
2024-11-13 12:44:47,368 - INFO - Similarity search performed on collection 'rag' with query: hello
2024-11-13 12:45:19,332 - INFO - Use pytorch device_name: cpu
2024-11-13 12:45:19,333 - INFO - Load pretrained SentenceTransformer: all-MiniLM-L6-v2
2024-11-13 12:45:21,773 - INFO - Similarity search performed on collection 'rag' with query: hello hello
2024-11-13 15:28:29,352 - INFO - Use pytorch device_name: cpu
2024-11-13 15:28:29,352 - INFO - Load pretrained SentenceTransformer: all-MiniLM-L6-v2
2024-11-13 15:28:32,874 - INFO - Similarity search performed on collection 'rag' with query: hello
2024-11-13 15:29:16,962 - INFO - Use pytorch device_name: cpu
2024-11-13 15:29:16,963 - INFO - Load pretrained SentenceTransformer: all-MiniLM-L6-v2
2024-11-13 15:29:19,937 - INFO - Similarity search performed on collection 'rag' with query: hello
2024-11-13 15:29:21,689 - INFO - Use pytorch device_name: cpu
2024-11-13 15:29:21,690 - INFO - Load pretrained SentenceTransformer: all-MiniLM-L6-v2
2024-11-13 15:29:24,219 - INFO - Similarity search performed on collection 'rag' with query: hello
2024-11-13 15:40:57,829 - INFO - Deleted './chroma' directory.
2024-11-13 15:40:57,845 - INFO - Anonymized telemetry enabled. See                     https://docs.trychroma.com/telemetry for more information.
2024-11-13 15:41:02,775 - INFO - Use pytorch device_name: cpu
2024-11-13 15:41:02,775 - INFO - Load pretrained SentenceTransformer: all-MiniLM-L6-v2
2024-11-13 15:41:05,609 - INFO - Collection 'rag' created successfully.
2024-11-13 15:41:06,521 - INFO - Database 'rag' created with 19 documents.
2024-11-13 15:41:06,521 - INFO - Database 'rag' created successfully.
2024-11-13 15:41:06,521 - INFO - Databases initialized successfully.
2024-11-13 15:42:46,963 - INFO - Use pytorch device_name: cpu
2024-11-13 15:42:46,963 - INFO - Load pretrained SentenceTransformer: all-MiniLM-L6-v2
2024-11-13 15:42:50,119 - INFO - Similarity search performed on collection 'rag' with query: hello
2024-11-13 15:42:51,295 - INFO - Use pytorch device_name: cpu
2024-11-13 15:42:51,295 - INFO - Load pretrained SentenceTransformer: all-MiniLM-L6-v2
2024-11-13 15:42:53,806 - INFO - Similarity search performed on collection 'rag' with query: hello
2024-11-13 15:43:05,814 - INFO - Use pytorch device_name: cpu
2024-11-13 15:43:05,814 - INFO - Load pretrained SentenceTransformer: all-MiniLM-L6-v2
2024-11-13 15:43:08,335 - INFO - Similarity search performed on collection 'rag' with query: hello
2024-11-13 15:45:01,261 - INFO - Deleted './chroma' directory.
2024-11-13 15:45:01,267 - INFO - Anonymized telemetry enabled. See                     https://docs.trychroma.com/telemetry for more information.
2024-11-13 15:45:03,769 - INFO - Use pytorch device_name: cpu
2024-11-13 15:45:03,770 - INFO - Load pretrained SentenceTransformer: all-MiniLM-L6-v2
2024-11-13 15:45:07,267 - INFO - Collection 'rag' created successfully.
2024-11-13 15:45:08,041 - INFO - Database 'rag' created with 19 documents.
2024-11-13 15:45:08,042 - INFO - Database 'rag' created successfully.
2024-11-13 15:45:08,042 - INFO - Databases initialized successfully.
2024-11-13 15:48:19,600 - INFO - Use pytorch device_name: cpu
2024-11-13 15:48:19,600 - INFO - Load pretrained SentenceTransformer: all-MiniLM-L6-v2
2024-11-13 15:48:24,696 - INFO - Similarity search performed on collection 'rag' with query: hello
2024-11-13 15:48:38,247 - INFO - Use pytorch device_name: cpu
2024-11-13 15:48:38,247 - INFO - Load pretrained SentenceTransformer: all-MiniLM-L6-v2
2024-11-13 15:48:40,785 - INFO - Similarity search performed on collection 'rag' with query: hello
2024-11-13 15:48:41,518 - INFO - Use pytorch device_name: cpu
2024-11-13 15:48:41,518 - INFO - Load pretrained SentenceTransformer: all-MiniLM-L6-v2
2024-11-13 15:48:44,066 - INFO - Similarity search performed on collection 'rag' with query: hello
2024-11-13 15:49:38,992 - INFO - Use pytorch device_name: cpu
2024-11-13 15:49:38,992 - INFO - Load pretrained SentenceTransformer: all-MiniLM-L6-v2
2024-11-13 15:49:41,567 - INFO - Similarity search performed on collection 'rag' with query: hello
2024-11-13 15:49:50,096 - INFO - Use pytorch device_name: cpu
2024-11-13 15:49:50,096 - INFO - Load pretrained SentenceTransformer: all-MiniLM-L6-v2
2024-11-13 15:49:52,727 - INFO - Similarity search performed on collection 'rag' with query: hello
2024-11-13 15:49:53,649 - INFO - Use pytorch device_name: cpu
2024-11-13 15:49:53,649 - INFO - Load pretrained SentenceTransformer: all-MiniLM-L6-v2
2024-11-13 15:49:56,202 - INFO - Similarity search performed on collection 'rag' with query: hello
2024-11-13 15:50:10,690 - INFO - Use pytorch device_name: cpu
2024-11-13 15:50:10,690 - INFO - Load pretrained SentenceTransformer: all-MiniLM-L6-v2
2024-11-13 15:50:13,247 - INFO - Similarity search performed on collection 'rag' with query: hello
2024-11-13 15:51:34,190 - INFO - Deleted './chroma' directory.
2024-11-13 15:51:34,195 - INFO - Anonymized telemetry enabled. See                     https://docs.trychroma.com/telemetry for more information.
2024-11-13 15:51:36,710 - INFO - Use pytorch device_name: cpu
2024-11-13 15:51:36,710 - INFO - Load pretrained SentenceTransformer: all-MiniLM-L6-v2
2024-11-13 15:51:39,373 - INFO - Collection 'rag' created successfully.
2024-11-13 15:51:40,025 - INFO - Database 'rag' created with 19 documents.
2024-11-13 15:51:40,025 - INFO - Database 'rag' created successfully.
2024-11-13 15:51:40,025 - INFO - Databases initialized successfully.
2024-11-13 15:52:12,691 - INFO - Use pytorch device_name: cpu
2024-11-13 15:52:12,691 - INFO - Load pretrained SentenceTransformer: all-MiniLM-L6-v2
2024-11-13 15:52:15,720 - INFO - Similarity search performed on collection 'rag' with query: hello
2024-11-13 15:52:32,510 - INFO - Use pytorch device_name: cpu
2024-11-13 15:52:32,510 - INFO - Load pretrained SentenceTransformer: all-MiniLM-L6-v2
2024-11-13 15:52:35,625 - INFO - Similarity search performed on collection 'rag' with query: han mujhe ek gadi transfer karna hai
2024-11-13 15:53:10,838 - INFO - Use pytorch device_name: cpu
2024-11-13 15:53:10,838 - INFO - Load pretrained SentenceTransformer: all-MiniLM-L6-v2
2024-11-13 15:53:13,800 - INFO - Similarity search performed on collection 'rag' with query: nahin mujhe detail do
2024-11-13 15:56:49,267 - INFO - Use pytorch device_name: cpu
2024-11-13 15:56:49,267 - INFO - Load pretrained SentenceTransformer: all-MiniLM-L6-v2
2024-11-13 15:56:52,187 - INFO - Similarity search performed on collection 'rag' with query: hello
2024-11-13 15:57:59,572 - INFO - Use pytorch device_name: cpu
2024-11-13 15:57:59,572 - INFO - Load pretrained SentenceTransformer: all-MiniLM-L6-v2
2024-11-13 15:58:02,548 - INFO - Similarity search performed on collection 'rag' with query: hello
2024-11-13 15:58:16,430 - INFO - Use pytorch device_name: cpu
2024-11-13 15:58:16,430 - INFO - Load pretrained SentenceTransformer: all-MiniLM-L6-v2
2024-11-13 15:58:19,399 - INFO - Similarity search performed on collection 'rag' with query: Mujhe gadi transfer karna hai
2024-11-13 15:59:39,013 - INFO - Use pytorch device_name: cpu
2024-11-13 15:59:39,013 - INFO - Load pretrained SentenceTransformer: all-MiniLM-L6-v2
2024-11-13 15:59:42,005 - INFO - Similarity search performed on collection 'rag' with query: hello
2024-11-13 15:59:53,644 - INFO - Use pytorch device_name: cpu
2024-11-13 15:59:53,644 - INFO - Load pretrained SentenceTransformer: all-MiniLM-L6-v2
2024-11-13 15:59:56,609 - INFO - Similarity search performed on collection 'rag' with query: Mujhe gadi transfer karna hai
2024-11-13 21:43:50,413 - INFO - Deleted './chroma' directory.
2024-11-13 21:43:50,426 - INFO - Anonymized telemetry enabled. See                     https://docs.trychroma.com/telemetry for more information.
2024-11-13 21:43:55,557 - INFO - Use pytorch device_name: cpu
2024-11-13 21:43:55,557 - INFO - Load pretrained SentenceTransformer: all-MiniLM-L6-v2
2024-11-13 21:43:58,605 - INFO - Collection 'rag' created successfully.
2024-11-13 21:43:59,579 - INFO - Database 'rag' created with 19 documents.
2024-11-13 21:43:59,580 - INFO - Database 'rag' created successfully.
2024-11-13 21:43:59,580 - INFO - Databases initialized successfully.
2024-11-13 22:15:03,668 - INFO - Use pytorch device_name: cpu
2024-11-13 22:15:03,668 - INFO - Load pretrained SentenceTransformer: all-MiniLM-L6-v2
2024-11-13 22:15:06,861 - INFO - Similarity search performed on collection 'rag' with query: hello
2024-11-13 22:15:18,811 - INFO - Use pytorch device_name: cpu
2024-11-13 22:15:18,811 - INFO - Load pretrained SentenceTransformer: all-MiniLM-L6-v2
2024-11-13 22:15:21,419 - INFO - Similarity search performed on collection 'rag' with query: Mujhe gadi transfer karna hai
